<?xml version="1.0" encoding="UTF-8"?>
<testsuite name="com.week3.SSEndPointsTest" tests="7" skipped="0" failures="1" errors="0" timestamp="2021-02-26T22:45:16" hostname="RGCAFCS82020" time="0.07">
  <properties/>
  <testcase name="testHomePageEndpoint()" classname="com.week3.SSEndPointsTest" time="0.009"/>
  <testcase name="testBuildSSEndPoint1()" classname="com.week3.SSEndPointsTest" time="0.009"/>
  <testcase name="testBuildSSEndPoint2()" classname="com.week3.SSEndPointsTest" time="0.005"/>
  <testcase name="testBuildSSEndPoint3()" classname="com.week3.SSEndPointsTest" time="0.005"/>
  <testcase name="testReadOutEndPoint1()" classname="com.week3.SSEndPointsTest" time="0.017">
    <failure message="java.lang.AssertionError: Response content expected:&lt;{Orion=--Start of SS log&#10;Orion&#10;Planets:&#10;-OI, distance 500&#10;-OII, distance 1000&#10;-OIII, distance 1500&#10;Ship: --Start of ship log&#10;Ship: Rocket&#10;Fuel: 100.0&#10;Crew Members: &#10;--end of ship log&#10;Planet at: OI, distance 500&#10;--end of SS log}&gt; but was:&lt;{Alpha Centi=--Start of SS log&#10;Alpha Centi&#10;Planets:&#10;-OI, distance 500&#10;-OII, distance 1000&#10;-OIII, distance 1500&#10;Ship: --Start of ship log&#10;Ship: YoMamma's ship&#10;Fuel: 100.0&#10;Crew Members: &#10;--end of ship log&#10;Planet at: OI, distance 500&#10;--end of SS log, BigBlue=--Start of SS log&#10;BigBlue&#10;Planets:&#10;-OI, distance 500&#10;-OII, distance 1000&#10;-OIII, distance 1500&#10;Ship: --Start of ship log&#10;Ship: Rocket&#10;Fuel: 100.0&#10;Crew Members: &#10;--end of ship log&#10;Planet at: OI, distance 500&#10;--end of SS log, Orion=--Start of SS log&#10;Orion&#10;Planets:&#10;-OI, distance 500&#10;-OII, distance 1000&#10;-OIII, distance 1500&#10;Ship: --Start of ship log&#10;Ship: Rocket&#10;Fuel: 100.0&#10;Crew Members: &#10;--end of ship log&#10;Planet at: OI, distance 500&#10;--end of SS log}&gt;" type="java.lang.AssertionError">java.lang.AssertionError: Response content expected:&lt;{Orion=--Start of SS log
Orion
Planets:
-OI, distance 500
-OII, distance 1000
-OIII, distance 1500
Ship: --Start of ship log
Ship: Rocket
Fuel: 100.0
Crew Members: 
--end of ship log
Planet at: OI, distance 500
--end of SS log}&gt; but was:&lt;{Alpha Centi=--Start of SS log
Alpha Centi
Planets:
-OI, distance 500
-OII, distance 1000
-OIII, distance 1500
Ship: --Start of ship log
Ship: YoMamma's ship
Fuel: 100.0
Crew Members: 
--end of ship log
Planet at: OI, distance 500
--end of SS log, BigBlue=--Start of SS log
BigBlue
Planets:
-OI, distance 500
-OII, distance 1000
-OIII, distance 1500
Ship: --Start of ship log
Ship: Rocket
Fuel: 100.0
Crew Members: 
--end of ship log
Planet at: OI, distance 500
--end of SS log, Orion=--Start of SS log
Orion
Planets:
-OI, distance 500
-OII, distance 1000
-OIII, distance 1500
Ship: --Start of ship log
Ship: Rocket
Fuel: 100.0
Crew Members: 
--end of ship log
Planet at: OI, distance 500
--end of SS log}&gt;
	at org.springframework.test.util.AssertionErrors.fail(AssertionErrors.java:59)
	at org.springframework.test.util.AssertionErrors.assertEquals(AssertionErrors.java:122)
	at org.springframework.test.web.servlet.result.ContentResultMatchers.lambda$string$4(ContentResultMatchers.java:136)
	at org.springframework.test.web.servlet.MockMvc$1.andExpect(MockMvc.java:196)
	at com.week3.SSEndPointsTest.testReadOutEndPoint1(SSEndPointsTest.java:151)
	at java.base/jdk.internal.reflect.NativeMethodAccessorImpl.invoke0(Native Method)
	at java.base/jdk.internal.reflect.NativeMethodAccessorImpl.invoke(NativeMethodAccessorImpl.java:64)
	at java.base/jdk.internal.reflect.DelegatingMethodAccessorImpl.invoke(DelegatingMethodAccessorImpl.java:43)
	at java.base/java.lang.reflect.Method.invoke(Method.java:564)
	at org.junit.platform.commons.util.ReflectionUtils.invokeMethod(ReflectionUtils.java:688)
	at org.junit.jupiter.engine.execution.MethodInvocation.proceed(MethodInvocation.java:60)
	at org.junit.jupiter.engine.execution.InvocationInterceptorChain$ValidatingInvocation.proceed(InvocationInterceptorChain.java:131)
	at org.junit.jupiter.engine.extension.TimeoutExtension.intercept(TimeoutExtension.java:149)
	at org.junit.jupiter.engine.extension.TimeoutExtension.interceptTestableMethod(TimeoutExtension.java:140)
	at org.junit.jupiter.engine.extension.TimeoutExtension.interceptTestMethod(TimeoutExtension.java:84)
	at org.junit.jupiter.engine.execution.ExecutableInvoker$ReflectiveInterceptorCall.lambda$ofVoidMethod$0(ExecutableInvoker.java:115)
	at org.junit.jupiter.engine.execution.ExecutableInvoker.lambda$invoke$0(ExecutableInvoker.java:105)
	at org.junit.jupiter.engine.execution.InvocationInterceptorChain$InterceptedInvocation.proceed(InvocationInterceptorChain.java:106)
	at org.junit.jupiter.engine.execution.InvocationInterceptorChain.proceed(InvocationInterceptorChain.java:64)
	at org.junit.jupiter.engine.execution.InvocationInterceptorChain.chainAndInvoke(InvocationInterceptorChain.java:45)
	at org.junit.jupiter.engine.execution.InvocationInterceptorChain.invoke(InvocationInterceptorChain.java:37)
	at org.junit.jupiter.engine.execution.ExecutableInvoker.invoke(ExecutableInvoker.java:104)
	at org.junit.jupiter.engine.execution.ExecutableInvoker.invoke(ExecutableInvoker.java:98)
	at org.junit.jupiter.engine.descriptor.TestMethodTestDescriptor.lambda$invokeTestMethod$6(TestMethodTestDescriptor.java:210)
	at org.junit.platform.engine.support.hierarchical.ThrowableCollector.execute(ThrowableCollector.java:73)
	at org.junit.jupiter.engine.descriptor.TestMethodTestDescriptor.invokeTestMethod(TestMethodTestDescriptor.java:206)
	at org.junit.jupiter.engine.descriptor.TestMethodTestDescriptor.execute(TestMethodTestDescriptor.java:131)
	at org.junit.jupiter.engine.descriptor.TestMethodTestDescriptor.execute(TestMethodTestDescriptor.java:65)
	at org.junit.platform.engine.support.hierarchical.NodeTestTask.lambda$executeRecursively$5(NodeTestTask.java:139)
	at org.junit.platform.engine.support.hierarchical.ThrowableCollector.execute(ThrowableCollector.java:73)
	at org.junit.platform.engine.support.hierarchical.NodeTestTask.lambda$executeRecursively$7(NodeTestTask.java:129)
	at org.junit.platform.engine.support.hierarchical.Node.around(Node.java:137)
	at org.junit.platform.engine.support.hierarchical.NodeTestTask.lambda$executeRecursively$8(NodeTestTask.java:127)
	at org.junit.platform.engine.support.hierarchical.ThrowableCollector.execute(ThrowableCollector.java:73)
	at org.junit.platform.engine.support.hierarchical.NodeTestTask.executeRecursively(NodeTestTask.java:126)
	at org.junit.platform.engine.support.hierarchical.NodeTestTask.execute(NodeTestTask.java:84)
	at java.base/java.util.ArrayList.forEach(ArrayList.java:1511)
	at org.junit.platform.engine.support.hierarchical.SameThreadHierarchicalTestExecutorService.invokeAll(SameThreadHierarchicalTestExecutorService.java:38)
	at org.junit.platform.engine.support.hierarchical.NodeTestTask.lambda$executeRecursively$5(NodeTestTask.java:143)
	at org.junit.platform.engine.support.hierarchical.ThrowableCollector.execute(ThrowableCollector.java:73)
	at org.junit.platform.engine.support.hierarchical.NodeTestTask.lambda$executeRecursively$7(NodeTestTask.java:129)
	at org.junit.platform.engine.support.hierarchical.Node.around(Node.java:137)
	at org.junit.platform.engine.support.hierarchical.NodeTestTask.lambda$executeRecursively$8(NodeTestTask.java:127)
	at org.junit.platform.engine.support.hierarchical.ThrowableCollector.execute(ThrowableCollector.java:73)
	at org.junit.platform.engine.support.hierarchical.NodeTestTask.executeRecursively(NodeTestTask.java:126)
	at org.junit.platform.engine.support.hierarchical.NodeTestTask.execute(NodeTestTask.java:84)
	at java.base/java.util.ArrayList.forEach(ArrayList.java:1511)
	at org.junit.platform.engine.support.hierarchical.SameThreadHierarchicalTestExecutorService.invokeAll(SameThreadHierarchicalTestExecutorService.java:38)
	at org.junit.platform.engine.support.hierarchical.NodeTestTask.lambda$executeRecursively$5(NodeTestTask.java:143)
	at org.junit.platform.engine.support.hierarchical.ThrowableCollector.execute(ThrowableCollector.java:73)
	at org.junit.platform.engine.support.hierarchical.NodeTestTask.lambda$executeRecursively$7(NodeTestTask.java:129)
	at org.junit.platform.engine.support.hierarchical.Node.around(Node.java:137)
	at org.junit.platform.engine.support.hierarchical.NodeTestTask.lambda$executeRecursively$8(NodeTestTask.java:127)
	at org.junit.platform.engine.support.hierarchical.ThrowableCollector.execute(ThrowableCollector.java:73)
	at org.junit.platform.engine.support.hierarchical.NodeTestTask.executeRecursively(NodeTestTask.java:126)
	at org.junit.platform.engine.support.hierarchical.NodeTestTask.execute(NodeTestTask.java:84)
	at org.junit.platform.engine.support.hierarchical.SameThreadHierarchicalTestExecutorService.submit(SameThreadHierarchicalTestExecutorService.java:32)
	at org.junit.platform.engine.support.hierarchical.HierarchicalTestExecutor.execute(HierarchicalTestExecutor.java:57)
	at org.junit.platform.engine.support.hierarchical.HierarchicalTestEngine.execute(HierarchicalTestEngine.java:51)
	at org.junit.platform.launcher.core.DefaultLauncher.execute(DefaultLauncher.java:248)
	at org.junit.platform.launcher.core.DefaultLauncher.lambda$execute$5(DefaultLauncher.java:211)
	at org.junit.platform.launcher.core.DefaultLauncher.withInterceptedStreams(DefaultLauncher.java:226)
	at org.junit.platform.launcher.core.DefaultLauncher.execute(DefaultLauncher.java:199)
	at org.junit.platform.launcher.core.DefaultLauncher.execute(DefaultLauncher.java:132)
	at org.gradle.api.internal.tasks.testing.junitplatform.JUnitPlatformTestClassProcessor$CollectAllTestClassesExecutor.processAllTestClasses(JUnitPlatformTestClassProcessor.java:99)
	at org.gradle.api.internal.tasks.testing.junitplatform.JUnitPlatformTestClassProcessor$CollectAllTestClassesExecutor.access$000(JUnitPlatformTestClassProcessor.java:79)
	at org.gradle.api.internal.tasks.testing.junitplatform.JUnitPlatformTestClassProcessor.stop(JUnitPlatformTestClassProcessor.java:75)
	at org.gradle.api.internal.tasks.testing.SuiteTestClassProcessor.stop(SuiteTestClassProcessor.java:61)
	at java.base/jdk.internal.reflect.NativeMethodAccessorImpl.invoke0(Native Method)
	at java.base/jdk.internal.reflect.NativeMethodAccessorImpl.invoke(NativeMethodAccessorImpl.java:64)
	at java.base/jdk.internal.reflect.DelegatingMethodAccessorImpl.invoke(DelegatingMethodAccessorImpl.java:43)
	at java.base/java.lang.reflect.Method.invoke(Method.java:564)
	at org.gradle.internal.dispatch.ReflectionDispatch.dispatch(ReflectionDispatch.java:36)
	at org.gradle.internal.dispatch.ReflectionDispatch.dispatch(ReflectionDispatch.java:24)
	at org.gradle.internal.dispatch.ContextClassLoaderDispatch.dispatch(ContextClassLoaderDispatch.java:33)
	at org.gradle.internal.dispatch.ProxyDispatchAdapter$DispatchingInvocationHandler.invoke(ProxyDispatchAdapter.java:94)
	at com.sun.proxy.$Proxy2.stop(Unknown Source)
	at org.gradle.api.internal.tasks.testing.worker.TestWorker.stop(TestWorker.java:133)
	at java.base/jdk.internal.reflect.NativeMethodAccessorImpl.invoke0(Native Method)
	at java.base/jdk.internal.reflect.NativeMethodAccessorImpl.invoke(NativeMethodAccessorImpl.java:64)
	at java.base/jdk.internal.reflect.DelegatingMethodAccessorImpl.invoke(DelegatingMethodAccessorImpl.java:43)
	at java.base/java.lang.reflect.Method.invoke(Method.java:564)
	at org.gradle.internal.dispatch.ReflectionDispatch.dispatch(ReflectionDispatch.java:36)
	at org.gradle.internal.dispatch.ReflectionDispatch.dispatch(ReflectionDispatch.java:24)
	at org.gradle.internal.remote.internal.hub.MessageHubBackedObjectConnection$DispatchWrapper.dispatch(MessageHubBackedObjectConnection.java:182)
	at org.gradle.internal.remote.internal.hub.MessageHubBackedObjectConnection$DispatchWrapper.dispatch(MessageHubBackedObjectConnection.java:164)
	at org.gradle.internal.remote.internal.hub.MessageHub$Handler.run(MessageHub.java:414)
	at org.gradle.internal.concurrent.ExecutorPolicy$CatchAndRecordFailures.onExecute(ExecutorPolicy.java:64)
	at org.gradle.internal.concurrent.ManagedExecutorImpl$1.run(ManagedExecutorImpl.java:48)
	at java.base/java.util.concurrent.ThreadPoolExecutor.runWorker(ThreadPoolExecutor.java:1130)
	at java.base/java.util.concurrent.ThreadPoolExecutor$Worker.run(ThreadPoolExecutor.java:630)
	at org.gradle.internal.concurrent.ThreadFactoryImpl$ManagedThreadRunnable.run(ThreadFactoryImpl.java:56)
	at java.base/java.lang.Thread.run(Thread.java:832)
</failure>
  </testcase>
  <testcase name="testReadOutEndPoint2()" classname="com.week3.SSEndPointsTest" time="0.011"/>
  <testcase name="testReadOutEndPoint4()" classname="com.week3.SSEndPointsTest" time="0.007"/>
  <system-out><![CDATA[2021-02-26 16:45:15.715  INFO 32457 --- [    Test worker] .b.t.a.w.s.WebMvcTestContextBootstrapper : Neither @ContextConfiguration nor @ContextHierarchy found for test class [com.week3.SSEndPointsTest], using SpringBootContextLoader
2021-02-26 16:45:15.716  INFO 32457 --- [    Test worker] o.s.t.c.support.AbstractContextLoader    : Could not detect default resource locations for test class [com.week3.SSEndPointsTest]: no resource found for suffixes {-context.xml, Context.groovy}.
2021-02-26 16:45:15.717  INFO 32457 --- [    Test worker] t.c.s.AnnotationConfigContextLoaderUtils : Could not detect default configuration classes for test class [com.week3.SSEndPointsTest]: SSEndPointsTest does not declare any static, non-private, non-final, nested classes annotated with @Configuration.
2021-02-26 16:45:15.723  INFO 32457 --- [    Test worker] .b.t.c.SpringBootTestContextBootstrapper : Found @SpringBootConfiguration com.week3.Application for test class com.week3.SSEndPointsTest
2021-02-26 16:45:15.725  INFO 32457 --- [    Test worker] .b.t.a.w.s.WebMvcTestContextBootstrapper : Loaded default TestExecutionListener class names from location [META-INF/spring.factories]: [org.springframework.boot.test.autoconfigure.restdocs.RestDocsTestExecutionListener, org.springframework.boot.test.autoconfigure.web.client.MockRestServiceServerResetTestExecutionListener, org.springframework.boot.test.autoconfigure.web.servlet.MockMvcPrintOnlyOnFailureTestExecutionListener, org.springframework.boot.test.autoconfigure.web.servlet.WebDriverTestExecutionListener, org.springframework.boot.test.autoconfigure.webservices.client.MockWebServiceServerTestExecutionListener, org.springframework.boot.test.mock.mockito.MockitoTestExecutionListener, org.springframework.boot.test.mock.mockito.ResetMocksTestExecutionListener, org.springframework.test.context.web.ServletTestExecutionListener, org.springframework.test.context.support.DirtiesContextBeforeModesTestExecutionListener, org.springframework.test.context.event.ApplicationEventsTestExecutionListener, org.springframework.test.context.support.DependencyInjectionTestExecutionListener, org.springframework.test.context.support.DirtiesContextTestExecutionListener, org.springframework.test.context.transaction.TransactionalTestExecutionListener, org.springframework.test.context.jdbc.SqlScriptsTestExecutionListener, org.springframework.test.context.event.EventPublishingTestExecutionListener]
2021-02-26 16:45:15.726  INFO 32457 --- [    Test worker] .b.t.a.w.s.WebMvcTestContextBootstrapper : Using TestExecutionListeners: [org.springframework.test.context.web.ServletTestExecutionListener@58b0e96, org.springframework.test.context.support.DirtiesContextBeforeModesTestExecutionListener@3ec08ea5, org.springframework.test.context.event.ApplicationEventsTestExecutionListener@291867b4, org.springframework.boot.test.mock.mockito.MockitoTestExecutionListener@25602fa3, org.springframework.boot.test.autoconfigure.SpringBootDependencyInjectionTestExecutionListener@78c26a27, org.springframework.test.context.support.DirtiesContextTestExecutionListener@42cd763c, org.springframework.test.context.event.EventPublishingTestExecutionListener@28828c16, org.springframework.boot.test.autoconfigure.restdocs.RestDocsTestExecutionListener@cbbb392, org.springframework.boot.test.autoconfigure.web.client.MockRestServiceServerResetTestExecutionListener@67436370, org.springframework.boot.test.autoconfigure.web.servlet.MockMvcPrintOnlyOnFailureTestExecutionListener@4e969532, org.springframework.boot.test.autoconfigure.web.servlet.WebDriverTestExecutionListener@72c842ca, org.springframework.boot.test.autoconfigure.webservices.client.MockWebServiceServerTestExecutionListener@23be5822, org.springframework.boot.test.mock.mockito.ResetMocksTestExecutionListener@5f1af7c6]

  .   ____          _            __ _ _
 /\\ / ___'_ __ _ _(_)_ __  __ _ \ \ \ \
( ( )\___ | '_ | '_| | '_ \/ _` | \ \ \ \
 \\/  ___)| |_)| | | | | || (_| |  ) ) ) )
  '  |____| .__|_| |_|_| |_\__, | / / / /
 =========|_|==============|___/=/_/_/_/
 :: Spring Boot ::                (v2.4.2)

2021-02-26 16:45:15.759  INFO 32457 --- [    Test worker] com.week3.SSEndPointsTest                : Starting SSEndPointsTest using Java 15.0.1 on RGCAFCS82020 with PID 32457 (started by j2153034 in /Users/j2153034/Documents/GitHub/ContinuityProject)
2021-02-26 16:45:15.761  INFO 32457 --- [    Test worker] com.week3.SSEndPointsTest                : No active profile set, falling back to default profiles: default
2021-02-26 16:45:16.055  INFO 32457 --- [    Test worker] o.s.s.concurrent.ThreadPoolTaskExecutor  : Initializing ExecutorService 'applicationTaskExecutor'
2021-02-26 16:45:16.188  INFO 32457 --- [    Test worker] o.s.b.t.m.w.SpringBootMockServletContext : Initializing Spring TestDispatcherServlet ''
2021-02-26 16:45:16.189  INFO 32457 --- [    Test worker] o.s.t.web.servlet.TestDispatcherServlet  : Initializing Servlet ''
2021-02-26 16:45:16.190  INFO 32457 --- [    Test worker] o.s.t.web.servlet.TestDispatcherServlet  : Completed initialization in 1 ms
2021-02-26 16:45:16.205  INFO 32457 --- [    Test worker] com.week3.SSEndPointsTest                : Started SSEndPointsTest in 0.475 seconds (JVM running for 5.395)

MockHttpServletRequest:
      HTTP Method = POST
      Request URI = /ss/builder
       Parameters = {}
          Headers = [Accept:"text/plain"]
             Body = null
    Session Attrs = {}

Handler:
             Type = com.week3.SolarSystemEndPoints
           Method = com.week3.SolarSystemEndPoints#buildss(MultiValueMap)

Async:
    Async started = false
     Async result = null

Resolved Exception:
             Type = null

ModelAndView:
        View name = null
             View = null
            Model = null

FlashMap:
       Attributes = null

MockHttpServletResponse:
           Status = 200
    Error message = null
          Headers = [Content-Type:"text/plain;charset=UTF-8", Content-Length:"219"]
     Content type = text/plain;charset=UTF-8
             Body = --Start of SS log
Orion
Planets:
-OI, distance 500
-OII, distance 1000
-OIII, distance 1500
Ship: --Start of ship log
Ship: Rocket
Fuel: 100.0
Crew Members: 
--end of ship log
Planet at: OI, distance 500
--end of SS log
    Forwarded URL = null
   Redirected URL = null
          Cookies = []

MockHttpServletRequest:
      HTTP Method = GET
      Request URI = /ss/readout
       Parameters = {}
          Headers = [Accept:"text/plain"]
             Body = null
    Session Attrs = {}

Handler:
             Type = com.week3.SolarSystemEndPoints
           Method = com.week3.SolarSystemEndPoints#displayall(String)

Async:
    Async started = false
     Async result = null

Resolved Exception:
             Type = null

ModelAndView:
        View name = null
             View = null
            Model = null

FlashMap:
       Attributes = null

MockHttpServletResponse:
           Status = 200
    Error message = null
          Headers = [Content-Type:"text/plain;charset=UTF-8", Content-Length:"705"]
     Content type = text/plain;charset=UTF-8
             Body = {Alpha Centi=--Start of SS log
Alpha Centi
Planets:
-OI, distance 500
-OII, distance 1000
-OIII, distance 1500
Ship: --Start of ship log
Ship: YoMamma's ship
Fuel: 100.0
Crew Members: 
--end of ship log
Planet at: OI, distance 500
--end of SS log, BigBlue=--Start of SS log
BigBlue
Planets:
-OI, distance 500
-OII, distance 1000
-OIII, distance 1500
Ship: --Start of ship log
Ship: Rocket
Fuel: 100.0
Crew Members: 
--end of ship log
Planet at: OI, distance 500
--end of SS log, Orion=--Start of SS log
Orion
Planets:
-OI, distance 500
-OII, distance 1000
-OIII, distance 1500
Ship: --Start of ship log
Ship: Rocket
Fuel: 100.0
Crew Members: 
--end of ship log
Planet at: OI, distance 500
--end of SS log}
    Forwarded URL = null
   Redirected URL = null
          Cookies = []
]]></system-out>
  <system-err><![CDATA[]]></system-err>
</testsuite>
